<?xml version="1.0" encoding="UTF-8"?>
<testsuite name="demolition.SampleTest" tests="18" skipped="0" failures="0" errors="0" timestamp="2021-10-24T15:26:59" hostname="DESKTOP-V593GE4" time="58.96">
  <properties/>
  <testcase name="bombBreakWall()" classname="demolition.SampleTest" time="5.342"/>
  <testcase name="redHittedOnWall()" classname="demolition.SampleTest" time="1.014"/>
  <testcase name="speedTest()" classname="demolition.SampleTest" time="2.034"/>
  <testcase name="simpleTest()" classname="demolition.SampleTest" time="0.0"/>
  <testcase name="moveOneTime()" classname="demolition.SampleTest" time="2.01"/>
  <testcase name="redDeadTest()" classname="demolition.SampleTest" time="8.612"/>
  <testcase name="redEnemyDead()" classname="demolition.SampleTest" time="1.01"/>
  <testcase name="explosionOnRed()" classname="demolition.SampleTest" time="4.019"/>
  <testcase name="redFacing1()" classname="demolition.SampleTest" time="1.132"/>
  <testcase name="redFacing2()" classname="demolition.SampleTest" time="1.131"/>
  <testcase name="explosionOnYellow()" classname="demolition.SampleTest" time="4.021"/>
  <testcase name="loseLifeTest()" classname="demolition.SampleTest" time="8.015"/>
  <testcase name="redEnemyDead2()" classname="demolition.SampleTest" time="1.012"/>
  <testcase name="yellowFacing3()" classname="demolition.SampleTest" time="1.131"/>
  <testcase name="enterSecondLevelTest()" classname="demolition.SampleTest" time="1.011"/>
  <testcase name="explosionVerticalTwogrids()" classname="demolition.SampleTest" time="2.013"/>
  <testcase name="setBomb()" classname="demolition.SampleTest" time="2.033"/>
  <testcase name="explosionOnDifferentPlaceTest()" classname="demolition.SampleTest" time="13.416"/>
  <system-out><![CDATA[32
96
32
96
32
96
32
128
32
160
32
160
32
160
32
128
32
96
64
96
64
96
64
96
64
96
64
96
64
96
64
96
64
96
64
96
64
96
64
96
64
96
64
96
64
96
64
96
64
96
64
96
64
96
64
96
64
96
64
96
64
96
64
96
64
96
64
96
64
96
64
96
64
96
64
96
64
96
64
96
64
96
64
96
64
96
64
96
64
96
64
96
64
96
64
96
64
96
64
96
64
96
64
96
64
96
64
96
64
96
64
96
64
96
64
96
64
96
64
96
64
96
64
96
64
96
64
96
64
96
64
96
64
96
64
96
64
96
64
96
64
96
64
96
64
96
64
96
64
96
64
96
64
96
64
96
64
96
64
96
64
96
64
96
64
96
64
96
64
96
64
96
64
96
64
96
64
96
64
96
64
96
64
96
64
96
64
96
64
96
64
96
64
96
64
96
64
96
64
96
64
96
64
96
64
96
64
96
64
96
64
96
64
96
64
96
64
96
64
96
64
96
64
96
64
96
64
96
64
96
64
96
64
96
64
96
64
96
64
96
64
96
64
96
64
96
64
96
64
96
64
96
64
96
64
96
64
96
64
96
64
96
64
96
64
96
64
96
64
96
64
96
64
96
64
96
64
96
64
96
64
96
64
96
64
96
64
96
64
96
64
96
64
96
64
96
64
96
64
96
64
96
64
96
64
96
64
96
64
96
64
96
64
96
64
96
64
96
64
96
64
96
64
96
64
96
64
96
64
96
64
96
64
96
64
96
64
96
64
96
64
96
64
96
64
96
64
96
64
96
64
96
64
96
64
96
64
96
64
96
64
96
64
96
64
96
64
96
64
96
64
96
64
96
64
96
64
96
32
96
32
96
32
96
32
96
32
96
32
96
32
96
32
96
32
96
32
96
32
96
32
96
32
96
32
96
32
96
32
128
32
128
32
96
32
512
32
96
32
96
32
96
32
96
32
96
32
96
32
128
32
160
64
160
96
160
96
192
96
224
96
224
96
224
96
224
96
224
96
224
96
224
96
224
96
224
96
224
96
224
96
224
96
224
96
224
96
224
96
224
96
224
96
224
96
224
96
224
96
224
96
224
96
224
96
224
96
224
96
224
96
224
96
224
96
224
96
224
96
224
96
224
96
224
96
224
96
224
96
224
96
224
96
224
96
224
96
224
96
224
96
224
96
224
96
224
96
224
96
224
96
224
96
224
96
224
96
224
96
224
96
224
96
224
96
224
96
224
96
224
96
224
96
224
96
224
96
224
96
224
96
224
96
224
96
224
96
224
96
224
96
224
96
224
96
224
96
224
96
224
96
224
96
224
96
224
96
224
96
224
96
224
96
224
96
224
96
224
96
224
96
224
96
224
96
224
96
224
96
224
96
224
96
224
96
224
96
224
96
224
96
224
96
224
96
224
96
224
96
224
96
224
96
224
96
224
96
224
96
224
96
224
96
224
96
224
96
224
96
224
96
224
96
224
96
224
96
224
96
224
96
224
96
224
96
224
96
224
96
224
96
224
96
224
96
224
96
224
96
224
96
224
96
224
96
224
96
224
96
224
96
224
96
224
96
224
96
224
96
224
96
224
96
224
96
224
96
224
96
224
96
224
96
224
96
224
96
224
96
224
96
224
96
224
96
224
96
224
96
224
96
224
96
224
96
224
96
224
96
224
96
224
96
224
96
224
96
224
96
224
96
224
96
224
96
224
96
224
96
224
96
224
96
224
96
224
96
224
96
224
96
224
96
224
96
224
96
224
96
224
96
224
96
224
96
224
96
224
96
224
96
224
96
224
96
224
96
224
96
224
96
224
96
224
96
224
96
224
96
224
96
224
96
224
96
224
96
224
96
224
96
224
96
224
96
224
96
224
96
224
96
224
96
224
96
224
96
224
96
224
96
224
96
224
96
224
96
224
96
224
96
224
96
224
96
224
96
224
96
224
96
224
96
224
96
224
96
224
96
224
96
224
96
224
96
224
96
224
96
224
96
224
96
224
96
224
96
224
96
224
96
224
96
224
96
224
96
224
96
224
96
224
96
224
96
224
96
224
96
224
96
224
96
224
96
224
96
224
96
224
96
224
96
224
96
224
96
224
96
224
96
224
96
224
96
224
96
224
96
224
96
224
96
224
96
224
96
224
96
224
96
224
96
224
96
224
96
224
96
224
96
224
96
224
96
224
96
224
96
224
96
224
96
224
96
224
96
224
96
224
96
224
96
224
96
224
96
224
96
224
96
224
96
224
64
224
32
224
32
256
32
256
32
256
32
256
32
256
32
256
32
256
32
256
32
256
32
256
32
256
32
256
32
256
32
256
32
256
32
256
32
256
32
256
32
256
32
256
32
256
32
256
32
256
32
256
32
256
32
256
32
256
32
256
32
256
32
256
32
256
32
256
32
256
32
256
32
256
32
256
32
256
32
256
32
256
32
256
32
256
32
256
32
256
32
256
32
256
32
256
32
256
32
256
32
256
32
256
32
256
32
256
32
256
32
256
32
256
32
256
32
256
32
256
32
256
32
256
32
256
32
256
32
256
32
256
32
256
32
256
32
256
32
256
32
256
32
256
32
256
32
256
32
256
32
256
32
256
32
256
32
256
32
256
32
256
32
256
32
256
32
256
32
256
32
256
32
256
32
256
32
256
32
256
32
256
32
256
32
256
32
256
32
256
32
256
32
256
32
256
32
256
32
256
32
256
32
256
32
256
32
256
32
256
32
256
32
256
32
256
32
256
32
256
32
256
32
256
32
256
32
256
32
256
32
256
32
256
32
256
32
256
32
256
32
256
32
256
32
256
32
256
32
256
32
256
32
256
32
256
32
256
32
256
32
256
32
256
32
256
32
256
32
256
32
256
32
256
32
256
32
256
32
256
32
256
32
256
32
256
32
256
32
256
32
256
32
256
32
256
32
256
32
256
32
256
32
256
32
256
32
256
32
256
32
256
32
256
32
256
32
256
32
256
32
256
32
256
32
256
32
256
32
256
32
256
32
256
32
256
32
256
32
256
32
256
32
256
32
256
32
256
32
256
32
256
32
256
32
256
32
256
32
256
32
256
32
256
32
256
32
96
32
96
32
96
32
96
32
96
32
96
32
96
32
96
32
96
32
96
32
96
32
96
32
96
32
96
32
96
32
96
32
96
32
96
32
96
32
96
32
96
32
96
32
96
32
96
32
96
32
96
32
96
32
96
32
96
32
96
32
96
32
96
32
96
32
96
32
96
32
96
32
96
32
96
32
96
32
96
32
96
32
96
32
96
32
96
32
96
32
96
32
96
32
96
32
96
32
96
32
96
32
96
32
96
32
96
32
96
32
96
32
96
32
96
32
96
32
96
32
96
32
96
32
96
32
96
32
96
32
96
32
96
32
96
32
96
32
96
32
96
32
96
32
96
32
96
32
96
32
96
32
96
32
96
32
96
32
96
32
96
32
96
32
96
32
96
32
96
32
96
32
96
32
96
32
96
32
96
32
96
32
96
32
96
32
96
32
96
32
96
32
96
32
96
32
96
32
96
32
96
32
96
32
96
32
96
32
96
32
96
32
96
32
96
32
96
32
96
32
96
32
96
32
96
32
96
32
96
32
96
32
96
32
96
32
96
32
96
32
96
32
96
32
96
32
96
32
96
32
96
32
96
32
96
32
96
32
96
32
96
32
96
32
96
32
96
32
96
32
96
32
96
32
96
32
96
32
96
32
96
32
96
32
96
32
96
32
96
32
96
32
96
32
96
32
96
32
96
32
96
32
96
32
96
32
96
32
96
32
96
32
96
32
96
32
96
32
96
32
96
32
96
32
96
32
96
32
96
32
96
32
96
32
96
32
96
32
96
32
96
32
96
32
96
32
96
32
96
32
96
32
96
32
96
32
96
32
96
32
96
32
96
32
96
32
96
32
96
32
96
32
96
32
96
32
96
32
96
32
96
32
96
32
96
32
96
32
96
32
96
32
96
32
96
32
96
32
96
32
96
32
96
32
96
32
96
32
96
32
96
32
96
32
96
32
96
32
96
32
96
32
96
32
96
32
96
32
96
32
96
32
96
32
96
32
96
32
96
32
96
32
96
32
96
32
96
32
96
32
96
32
96
32
96
32
96
32
96
32
96
32
96
32
96
32
96
32
96
32
96
32
96
32
96
32
96
32
96
32
96
32
96
32
96
32
96
32
96
32
96
32
96
32
96
32
96
32
96
32
96
32
96
32
96
32
96
32
96
32
96
32
96
32
96
32
96
32
96
32
96
32
96
32
96
32
96
32
96
32
96
32
96
32
96
32
96
32
96
32
96
32
96
32
96
32
96
32
96
32
96
32
96
32
96
32
96
32
96
32
96
32
96
32
96
32
96
32
96
32
96
32
96
32
96
32
96
32
96
32
96
32
96
32
96
32
96
32
96
32
96
32
96
32
96
32
96
32
96
32
96
32
96
32
96
32
96
32
96
32
96
32
96
32
96
32
96
32
96
32
96
32
96
32
96
32
96
32
96
32
96
32
96
32
96
32
96
32
96
32
96
32
96
32
96
32
96
32
96
32
96
32
96
32
96
32
96
32
96
32
96
32
96
32
96
32
96
32
96
32
96
32
96
32
96
32
96
32
96
32
96
32
96
32
96
32
96
32
96
32
96
32
96
32
96
32
96
32
96
32
96
32
96
32
96
32
96
32
96
32
96
32
96
32
96
32
96
32
96
32
96
32
96
32
96
32
96
32
96
32
96
32
96
32
96
32
96
32
96
32
96
32
96
32
96
32
96
32
96
32
96
32
96
32
96
32
96
32
96
32
96
32
96
32
96
32
96
32
96
32
96
32
96
32
96
32
96
32
96
32
96
32
96
32
96
32
96
32
96
32
96
32
96
32
96
32
96
32
96
32
96
32
96
32
96
32
96
32
96
32
96
32
96
32
96
32
96
32
96
32
96
32
96
32
96
32
96
32
96
32
96
32
96
32
96
32
96
32
96
32
96
32
96
32
96
32
96
32
96
32
96
32
96
32
96
32
96
32
96
32
96
32
96
32
96
32
96
32
96
32
96
32
96
32
96
32
96
32
96
32
96
32
96
32
96
32
96
32
96
32
96
32
96
32
96
32
96
32
96
32
96
32
96
32
96
32
96
32
96
32
96
32
96
32
96
32
96
32
96
32
96
32
96
32
96
32
96
32
96
32
96
32
96
32
96
32
96
32
96
32
96
32
96
32
96
32
96
32
96
32
96
32
96
32
96
32
96
32
96
32
96
32
96
32
96
32
96
32
96
32
96
32
96
32
96
32
96
32
96
32
96
32
96
32
96
32
96
32
96
32
96
32
96
32
96
32
96
32
96
32
96
32
96
32
96
32
96
32
96
32
96
32
96
32
96
32
96
32
96
32
96
32
96
32
96
32
96
32
96
32
96
32
96
32
96
32
96
32
96
32
96
32
96
32
96
32
96
32
96
32
96
32
96
32
96
32
96
32
96
32
96
32
96
32
96
32
96
32
96
32
96
32
96
32
96
32
96
32
96
32
96
32
96
32
96
32
96
32
96
32
96
32
96
32
96
32
96
32
96
32
96
32
96
32
96
32
96
32
96
32
96
32
96
32
96
32
96
32
96
32
96
32
96
32
96
32
96
32
96
32
96
32
96
64
96
64
96
64
96
64
96
64
96
64
96
64
96
64
96
64
96
64
96
64
96
64
96
64
96
64
96
64
96
64
96
64
96
64
96
64
96
64
96
64
96
64
96
64
96
64
96
64
96
64
96
64
96
64
96
64
96
64
96
64
96
64
96
64
96
64
96
64
96
64
96
64
96
64
96
64
96
64
96
64
96
64
96
64
96
64
96
64
96
64
96
64
96
64
96
64
96
64
96
64
96
64
96
64
96
64
96
64
96
64
96
64
96
64
96
64
96
64
96
64
96
64
96
64
96
64
96
64
96
64
96
64
96
64
96
64
96
64
96
64
96
64
96
64
96
64
96
64
96
64
96
64
96
64
96
64
96
64
96
64
96
64
96
64
96
64
96
64
96
64
96
64
96
64
96
64
96
64
96
64
96
64
96
64
96
64
96
64
96
64
96
64
96
64
96
64
96
32
96
32
96
32
96
32
96
32
96
32
96
32
96
32
96
32
96
32
96
32
96
32
96
32
96
32
96
32
96
32
96
32
96
32
96
32
96
32
96
32
96
32
96
32
96
32
96
32
96
32
96
32
96
32
96
32
96
32
96
32
96
32
96
32
96
32
96
32
96
32
96
32
96
32
96
32
96
32
96
32
96
32
96
32
96
32
96
32
96
32
96
32
96
32
96
32
96
32
96
32
96
32
96
32
96
32
96
32
96
32
96
32
96
32
96
32
96
32
96
32
96
32
96
32
96
32
96
32
96
32
96
32
96
32
96
32
96
32
96
32
96
32
96
32
96
32
96
32
96
32
96
32
96
32
96
32
96
32
96
32
96
32
96
32
96
32
96
32
96
32
96
32
96
32
96
32
96
32
96
32
96
32
96
32
96
32
96
32
96
32
96
32
96
32
96
32
96
32
96
32
96
32
96
32
96
32
96
32
96
32
96
32
96
32
96
32
96
32
96
32
96
32
96
32
96
32
96
64
96
96
96
96
96
96
96
96
96
96
96
96
96
96
96
96
96
96
96
96
96
96
96
96
96
96
96
96
96
96
96
96
96
96
96
96
96
96
96
96
96
96
96
96
96
96
96
96
96
96
96
96
96
96
96
96
96
96
96
96
96
96
96
96
96
96
96
96
96
96
96
96
96
96
96
96
96
96
96
96
96
96
96
96
96
96
96
96
96
96
96
96
96
96
96
96
96
96
96
96
96
96
96
96
96
96
96
96
96
96
96
96
96
96
96
96
96
96
96
96
96
96
96
96
96
96
96
96
96
96
96
96
96
96
96
96
96
96
96
96
96
96
96
96
96
96
96
96
96
96
96
96
96
96
96
96
96
96
96
96
96
96
96
96
96
96
96
96
96
96
96
96
96
96
96
96
96
96
96
96
96
96
96
96
96
96
96
96
96
96
96
96
96
96
96
96
96
32
96
32
96
32
96
32
96
32
96
32
96
32
96
32
96
32
96
32
96
32
96
32
96
32
96
32
96
32
96
32
96
32
96
32
96
32
96
32
96
32
96
32
96
32
96
32
96
32
96
32
96
32
96
32
96
32
96
32
96
32
96
32
96
32
96
32
96
32
96
32
96
32
96
32
96
32
96
32
96
32
96
32
96
32
96
32
96
32
96
32
96
32
96
32
96
32
96
32
96
32
96
32
96
32
96
32
96
32
96
32
96
32
96
32
96
32
96
32
96
32
96
32
96
32
96
32
96
32
96
32
96
32
96
32
96
32
96
32
96
32
96
32
96
32
96
32
96
32
96
32
96
32
96
32
96
32
96
32
96
32
96
32
96
32
96
32
96
32
96
32
96
32
96
32
96
32
96
32
96
32
96
32
96
32
96
32
96
32
96
32
96
32
96
32
96
32
96
32
96
32
96
32
96
32
96
32
96
32
96
32
96
32
96
32
96
32
96
32
96
32
96
32
96
32
96
32
96
32
96
32
96
32
96
32
96
32
96
32
96
32
96
32
96
32
96
32
96
32
96
32
96
32
96
32
96
32
96
32
96
32
96
32
96
32
96
32
96
32
96
32
96
32
96
32
96
32
96
32
96
32
96
32
96
32
96
32
96
32
96
32
96
32
96
32
96
32
96
32
96
32
96
32
96
32
96
32
96
32
96
32
96
32
96
32
96
32
96
32
96
32
96
32
96
32
96
32
96
32
96
32
96
32
96
32
96
32
96
32
96
32
96
32
96
32
96
32
96
32
96
32
96
32
96
32
96
32
96
32
96
32
96
32
96
32
96
32
96
32
96
32
96
32
96
32
96
32
96
32
96
32
96
32
96
32
96
32
96
32
96
32
96
32
96
32
96
32
96
32
96
32
96
32
96
32
96
32
96
32
96
32
96
32
96
32
96
32
96
32
96
32
96
32
96
32
96
32
96
32
96
32
96
32
96
32
96
32
96
32
96
32
96
32
96
32
96
32
96
32
96
32
96
32
96
32
96
32
96
32
96
32
96
32
96
32
96
32
96
32
96
32
96
32
96
32
96
32
96
32
96
32
96
32
96
32
96
32
96
32
96
32
96
32
96
32
96
32
96
32
96
32
96
32
96
32
96
32
96
32
96
32
96
32
96
32
96
32
96
32
96
32
96
32
96
32
96
32
96
32
96
32
96
32
96
32
96
32
96
32
96
32
96
32
96
32
96
416
416
32
256
32
96
32
96
32
96
32
96
32
96
32
96
32
96
32
96
32
96
32
96
32
96
32
96
32
96
32
96
32
96
32
96
32
96
32
96
32
96
32
96
32
96
32
96
32
96
32
96
32
96
32
96
32
96
32
96
32
96
32
96
32
96
32
96
32
96
32
96
32
96
32
96
32
96
32
96
32
96
32
96
32
96
32
96
32
96
32
96
32
96
32
96
32
96
32
96
32
96
32
96
32
96
32
96
32
96
32
96
32
96
32
96
32
96
32
96
32
96
32
96
96
320
96
320
96
320
96
320
96
320
96
320
96
320
96
320
96
320
96
320
96
320
96
320
96
320
96
320
96
320
96
320
96
320
96
320
96
320
96
320
96
320
96
320
96
320
96
320
96
320
96
320
96
320
96
320
96
320
96
320
96
320
96
320
96
320
96
320
96
320
96
320
96
320
96
320
96
320
96
320
96
320
96
320
96
320
96
320
96
320
96
320
96
320
96
320
96
320
96
320
96
320
96
320
96
320
96
320
96
320
96
320
96
320
96
320
96
320
96
320
96
320
96
320
32
96
32
512
32
512
32
96
32
96
32
96
32
96
32
96
32
96
32
96
32
96
32
96
32
96
32
96
32
96
32
96
32
96
32
96
32
96
32
96
32
96
32
96
32
96
32
96
32
96
32
96
32
96
32
96
32
96
32
96
32
96
32
96
32
96
32
96
32
96
32
96
32
96
32
96
32
96
32
96
32
96
32
96
32
96
32
96
32
96
32
96
32
96
32
96
32
96
32
96
32
96
32
96
32
96
32
96
32
96
32
96
32
96
32
96
32
96
32
96
32
96
32
96
32
96
32
96
64
96
64
96
64
96
64
96
64
96
64
96
64
96
32
96
32
96
32
96
32
96
32
96
32
96
32
96
32
96
32
96
32
96
32
96
32
96
32
96
32
96
32
96
32
96
32
96
32
96
32
96
32
96
32
96
32
96
32
96
32
96
32
96
32
96
32
96
32
96
32
96
32
96
32
96
32
96
32
96
32
96
32
96
32
96
32
96
32
96
32
96
32
96
32
96
32
96
32
96
32
96
32
96
32
96
32
96
32
96
32
96
32
96
32
96
32
96
32
96
32
96
32
96
32
96
32
96
32
96
32
96
32
96
32
96
32
96
32
96
32
96
32
96
32
96
32
96
32
96
32
96
32
96
32
96
32
96
32
96
32
96
32
96
32
96
32
96
32
96
32
96
32
96
32
96
32
96
32
96
32
96
32
96
32
96
32
96
32
96
32
96
32
96
32
96
32
96
32
96
32
96
32
96
32
96
32
96
32
96
32
96
32
96
32
96
32
96
32
96
32
96
32
96
32
96
32
96
32
96
32
96
32
96
32
96
32
96
32
96
32
96
32
96
32
96
32
96
32
96
32
96
32
96
32
96
32
96
32
96
32
96
32
96
32
96
32
96
32
96
32
96
32
96
32
96
32
96
32
96
32
96
32
96
32
96
32
96
32
96
32
96
32
96
32
96
32
96
32
96
32
96
32
96
32
96
32
96
32
96
32
96
32
96
32
96
32
96
32
96
32
96
32
96
32
96
32
96
32
96
32
96
32
96
32
96
32
96
32
96
32
96
32
96
32
96
32
96
32
96
32
96
32
96
32
96
32
96
32
96
32
96
32
96
32
96
32
96
32
96
32
96
32
96
32
96
32
96
64
96
96
96
96
96
96
96
96
96
96
96
96
96
96
96
64
96
32
96
32
96
32
96
32
96
32
96
32
96
32
96
32
96
32
96
32
96
32
96
32
96
32
96
32
96
32
96
32
96
32
96
32
96
32
96
32
96
32
96
32
96
32
96
32
96
32
96
32
96
32
96
32
96
32
96
32
96
32
96
32
96
32
96
32
96
32
96
32
96
32
96
32
96
32
96
32
96
32
96
32
96
32
96
32
96
32
96
32
96
32
96
32
96
32
96
32
96
32
96
32
96
32
96
32
96
32
96
32
96
32
96
32
96
32
96
32
96
32
96
32
96
32
96
32
96
32
96
32
96
32
96
32
96
32
96
32
96
32
96
32
96
32
96
32
96
32
96
32
96
32
96
32
96
32
96
32
96
32
96
32
96
32
96
32
96
32
96
32
96
32
96
32
96
32
96
32
96
32
96
32
96
32
96
32
96
32
96
32
96
32
96
32
96
32
96
32
96
32
96
32
96
32
96
32
96
32
96
32
96
32
96
32
96
32
96
32
96
32
96
32
96
32
96
32
96
32
96
32
96
32
96
32
96
32
96
32
96
32
96
32
96
32
96
32
96
32
96
32
96
32
96
32
96
32
96
32
96
32
96
32
96
32
96
32
96
32
96
32
96
32
96
32
96
32
96
32
96
32
96
32
96
32
96
32
96
32
96
32
96
32
96
32
96
32
96
32
96
32
96
32
96
32
96
32
96
32
96
32
96
32
96
32
96
32
96
32
96
32
96
32
96
32
96
32
96
32
96
32
96
32
96
32
96
32
96
32
96
32
96
32
96
32
96
32
96
32
96
32
96
32
96
32
96
32
96
32
96
32
96
32
96
32
128
32
160
32
160
32
160
32
160
32
160
32
160
32
160
32
128
32
96
32
96
32
96
32
96
32
96
32
96
32
96
32
96
32
96
32
96
32
96
32
96
32
96
32
96
32
96
32
96
32
96
32
96
32
96
32
96
32
96
32
96
32
96
32
96
32
96
32
96
32
96
32
96
32
96
32
96
32
96
32
96
32
96
32
96
32
96
32
96
32
96
32
96
32
96
32
96
32
96
32
96
32
96
32
96
32
96
32
96
32
96
32
96
32
96
32
96
32
96
32
96
32
96
32
96
32
96
32
96
32
96
32
96
32
96
32
96
32
96
32
96
32
96
32
96
32
96
32
96
32
96
32
96
32
96
32
96
32
96
32
96
32
96
32
96
32
96
32
96
32
96
32
96
32
96
32
96
32
96
32
96
32
96
32
96
32
96
32
96
32
96
32
96
32
96
32
96
32
96
32
96
32
96
32
96
32
96
32
96
32
96
32
96
32
96
32
96
32
96
32
96
32
96
32
96
32
96
32
96
32
96
32
96
32
96
32
96
32
96
32
96
32
96
32
96
32
96
32
96
32
96
32
96
32
96
32
96
32
96
32
96
32
96
32
96
32
96
32
96
32
96
32
96
32
96
32
96
32
96
32
96
32
96
32
96
32
96
32
96
32
96
32
96
32
96
32
96
32
96
32
96
32
96
32
96
32
96
32
96
32
96
32
96
32
96
32
96
32
96
32
96
32
96
32
96
32
96
32
96
32
96
32
96
32
96
32
96
32
96
32
96
32
96
32
96
32
96
32
96
32
96
32
96
32
96
32
96
32
96
32
96
32
96
32
96
32
96
32
96
32
96
32
96
32
96
32
96
32
96
32
96
32
96
32
96
32
96
32
96
32
96
32
96
32
128
32
128
32
128
32
128
32
128
32
128
32
128
32
128
32
128
32
128
32
128
32
128
32
128
32
128
32
128
32
128
32
128
32
128
32
128
32
128
32
128
32
128
32
128
32
128
32
128
32
128
32
128
32
128
32
128
32
128
32
128
32
128
32
128
32
128
32
128
32
128
32
128
32
128
32
128
32
128
32
128
32
128
32
128
32
128
32
128
32
128
32
128
32
128
32
128
32
128
32
128
32
128
32
128
32
128
32
128
32
128
32
128
32
128
32
128
32
128
32
128
32
128
32
128
32
128
32
128
32
128
32
128
32
128
32
128
32
128
32
128
32
128
32
128
32
128
32
128
32
128
32
128
32
128
32
128
32
128
32
128
32
128
32
128
32
128
32
128
32
128
32
128
32
128
32
128
32
128
32
128
32
128
32
128
32
128
32
128
32
128
32
128
32
128
32
128
32
128
32
128
32
128
32
128
32
128
32
128
32
128
32
128
32
128
32
128
32
128
32
128
32
128
32
128
32
128
32
128
32
128
32
128
32
128
32
128
32
128
32
128
32
128
32
128
32
128
32
96
32
96
32
96
32
96
32
96
32
96
32
96
32
96
32
96
32
96
32
96
32
96
32
96
32
96
32
96
32
96
32
96
32
96
32
96
32
96
32
96
32
96
32
96
32
96
32
96
32
96
32
96
32
96
32
96
32
96
32
96
32
96
32
96
32
96
32
96
32
96
32
96
32
96
32
96
32
96
32
96
32
96
32
96
32
96
32
96
32
96
32
96
32
96
32
96
32
96
32
96
32
96
32
96
32
96
32
96
32
96
32
96
]]></system-out>
  <system-err><![CDATA[java.lang.IndexOutOfBoundsException: Index: 0, Size: 0
	at java.util.ArrayList.rangeCheck(ArrayList.java:659)
	at java.util.ArrayList.get(ArrayList.java:435)
	at demolition.App.draw(App.java:316)
	at processing.core.PApplet.handleDraw(PApplet.java:2426)
	at processing.awt.PSurfaceAWT$12.callDraw(PSurfaceAWT.java:1557)
	at processing.core.PSurfaceNone$AnimationThread.run(PSurfaceNone.java:316)
java.lang.IndexOutOfBoundsException: Index: 0, Size: 0
	at java.util.ArrayList.rangeCheck(ArrayList.java:659)
	at java.util.ArrayList.get(ArrayList.java:435)
	at demolition.App.draw(App.java:316)
	at processing.core.PApplet.handleDraw(PApplet.java:2426)
	at processing.awt.PSurfaceAWT$12.callDraw(PSurfaceAWT.java:1557)
	at processing.core.PSurfaceNone$AnimationThread.run(PSurfaceNone.java:316)
java.lang.IndexOutOfBoundsException: Index: 0, Size: 0
	at java.util.ArrayList.rangeCheck(ArrayList.java:659)
	at java.util.ArrayList.get(ArrayList.java:435)
	at demolition.App.draw(App.java:316)
	at processing.core.PApplet.handleDraw(PApplet.java:2426)
	at processing.awt.PSurfaceAWT$12.callDraw(PSurfaceAWT.java:1557)
	at processing.core.PSurfaceNone$AnimationThread.run(PSurfaceNone.java:316)
java.lang.IndexOutOfBoundsException: Index: 5, Size: 0
	at java.util.ArrayList.rangeCheck(ArrayList.java:659)
	at java.util.ArrayList.get(ArrayList.java:435)
	at demolition.Bomb.draw(Bomb.java:575)
	at demolition.App.draw(App.java:352)
	at processing.core.PApplet.handleDraw(PApplet.java:2426)
	at processing.awt.PSurfaceAWT$12.callDraw(PSurfaceAWT.java:1557)
	at processing.core.PSurfaceNone$AnimationThread.run(PSurfaceNone.java:316)
java.lang.IndexOutOfBoundsException: Index: 0, Size: 0
	at java.util.ArrayList.rangeCheck(ArrayList.java:659)
	at java.util.ArrayList.get(ArrayList.java:435)
	at demolition.App.draw(App.java:316)
	at processing.core.PApplet.handleDraw(PApplet.java:2426)
	at processing.awt.PSurfaceAWT$12.callDraw(PSurfaceAWT.java:1557)
	at processing.core.PSurfaceNone$AnimationThread.run(PSurfaceNone.java:316)
java.lang.IndexOutOfBoundsException: Index: 0, Size: 0
	at java.util.ArrayList.rangeCheck(ArrayList.java:659)
	at java.util.ArrayList.get(ArrayList.java:435)
	at demolition.App.draw(App.java:316)
	at processing.core.PApplet.handleDraw(PApplet.java:2426)
	at processing.awt.PSurfaceAWT$12.callDraw(PSurfaceAWT.java:1557)
	at processing.core.PSurfaceNone$AnimationThread.run(PSurfaceNone.java:316)
java.lang.IndexOutOfBoundsException: Index: 0, Size: 0
	at java.util.ArrayList.rangeCheck(ArrayList.java:659)
	at java.util.ArrayList.get(ArrayList.java:435)
	at demolition.App.draw(App.java:316)
	at processing.core.PApplet.handleDraw(PApplet.java:2426)
	at processing.awt.PSurfaceAWT$12.callDraw(PSurfaceAWT.java:1557)
	at processing.core.PSurfaceNone$AnimationThread.run(PSurfaceNone.java:316)
java.lang.IndexOutOfBoundsException: Index: 0, Size: 0
	at java.util.ArrayList.rangeCheck(ArrayList.java:659)
	at java.util.ArrayList.get(ArrayList.java:435)
	at demolition.App.draw(App.java:316)
	at processing.core.PApplet.handleDraw(PApplet.java:2426)
	at processing.awt.PSurfaceAWT$12.callDraw(PSurfaceAWT.java:1557)
	at processing.core.PSurfaceNone$AnimationThread.run(PSurfaceNone.java:316)
java.lang.IndexOutOfBoundsException: Index: 0, Size: 0
	at java.util.ArrayList.rangeCheck(ArrayList.java:659)
	at java.util.ArrayList.get(ArrayList.java:435)
	at demolition.App.draw(App.java:316)
	at processing.core.PApplet.handleDraw(PApplet.java:2426)
	at processing.awt.PSurfaceAWT$12.callDraw(PSurfaceAWT.java:1557)
	at processing.core.PSurfaceNone$AnimationThread.run(PSurfaceNone.java:316)
java.lang.IndexOutOfBoundsException: Index: 0, Size: 0
	at java.util.ArrayList.rangeCheck(ArrayList.java:659)
	at java.util.ArrayList.get(ArrayList.java:435)
	at demolition.App.draw(App.java:307)
	at processing.core.PApplet.handleDraw(PApplet.java:2426)
	at processing.awt.PSurfaceAWT$12.callDraw(PSurfaceAWT.java:1557)
	at processing.core.PSurfaceNone$AnimationThread.run(PSurfaceNone.java:316)
java.lang.IndexOutOfBoundsException: Index: 0, Size: 0
	at java.util.ArrayList.rangeCheck(ArrayList.java:659)
	at java.util.ArrayList.get(ArrayList.java:435)
	at demolition.App.draw(App.java:316)
	at processing.core.PApplet.handleDraw(PApplet.java:2426)
	at processing.awt.PSurfaceAWT$12.callDraw(PSurfaceAWT.java:1557)
	at processing.core.PSurfaceNone$AnimationThread.run(PSurfaceNone.java:316)
]]></system-err>
</testsuite>
